{"/Users/gabrielvidalgondim/Dev/weatherapp/src/assets/index.tsx": {"path":"/Users/gabrielvidalgondim/Dev/weatherapp/src/assets/index.tsx","statementMap":{},"fnMap":{},"branchMap":{},"s":{},"f":{},"b":{},"_coverageSchema":"1a1c01bbd47fc00a2c39e90264f33305004495a9","hash":"cd88dadf83984da96a394c9f7308016d8eb39f69"}
,"/Users/gabrielvidalgondim/Dev/weatherapp/src/components/Button/Button.tsx": {"path":"/Users/gabrielvidalgondim/Dev/weatherapp/src/components/Button/Button.tsx","statementMap":{"0":{"start":{"line":5,"column":42},"end":{"line":7,"column":1}},"1":{"start":{"line":6,"column":2},"end":{"line":6,"column":67}}},"fnMap":{"0":{"name":"(anonymous_0)","decl":{"start":{"line":5,"column":42},"end":{"line":5,"column":43}},"loc":{"start":{"line":5,"column":69},"end":{"line":7,"column":1}},"line":5}},"branchMap":{},"s":{"0":1,"1":1},"f":{"0":1},"b":{},"_coverageSchema":"1a1c01bbd47fc00a2c39e90264f33305004495a9","hash":"dc90aa5cd3c7d2eeebee6c27d9a2ae83e80ab533"}
,"/Users/gabrielvidalgondim/Dev/weatherapp/src/components/Button/index.ts": {"path":"/Users/gabrielvidalgondim/Dev/weatherapp/src/components/Button/index.ts","statementMap":{},"fnMap":{},"branchMap":{},"s":{},"f":{},"b":{},"_coverageSchema":"1a1c01bbd47fc00a2c39e90264f33305004495a9","hash":"d15b712b9e8dc8c7236f231d727aa02ccf8d6181"}
,"/Users/gabrielvidalgondim/Dev/weatherapp/src/components/Button/style.ts": {"path":"/Users/gabrielvidalgondim/Dev/weatherapp/src/components/Button/style.ts","statementMap":{"0":{"start":{"line":4,"column":28},"end":{"line":10,"column":1}}},"fnMap":{},"branchMap":{},"s":{"0":1},"f":{},"b":{},"_coverageSchema":"1a1c01bbd47fc00a2c39e90264f33305004495a9","hash":"343eb5cacc39cf2da81f1c8738418e6ef79a4bb3"}
,"/Users/gabrielvidalgondim/Dev/weatherapp/src/components/FAB/FAB.tsx": {"path":"/Users/gabrielvidalgondim/Dev/weatherapp/src/components/FAB/FAB.tsx","statementMap":{"0":{"start":{"line":6,"column":46},"end":{"line":12,"column":1}},"1":{"start":{"line":7,"column":2},"end":{"line":11,"column":4}}},"fnMap":{"0":{"name":"(anonymous_0)","decl":{"start":{"line":6,"column":46},"end":{"line":6,"column":47}},"loc":{"start":{"line":6,"column":63},"end":{"line":12,"column":1}},"line":6}},"branchMap":{},"s":{"0":1,"1":1},"f":{"0":1},"b":{},"_coverageSchema":"1a1c01bbd47fc00a2c39e90264f33305004495a9","hash":"ab7f60a17963c91a14d4b3a83d163abe49f4b44a"}
,"/Users/gabrielvidalgondim/Dev/weatherapp/src/components/FAB/index.ts": {"path":"/Users/gabrielvidalgondim/Dev/weatherapp/src/components/FAB/index.ts","statementMap":{},"fnMap":{},"branchMap":{},"s":{},"f":{},"b":{},"_coverageSchema":"1a1c01bbd47fc00a2c39e90264f33305004495a9","hash":"dd25e3d6ac65017314971fe4911b6c5c49216017"}
,"/Users/gabrielvidalgondim/Dev/weatherapp/src/components/FAB/style.ts": {"path":"/Users/gabrielvidalgondim/Dev/weatherapp/src/components/FAB/style.ts","statementMap":{"0":{"start":{"line":3,"column":25},"end":{"line":7,"column":1}}},"fnMap":{},"branchMap":{},"s":{"0":1},"f":{},"b":{},"_coverageSchema":"1a1c01bbd47fc00a2c39e90264f33305004495a9","hash":"886a94d0442773d6cfa3564698ccf7b4a615a2eb"}
,"/Users/gabrielvidalgondim/Dev/weatherapp/src/components/Map/Map.tsx": {"path":"/Users/gabrielvidalgondim/Dev/weatherapp/src/components/Map/Map.tsx","statementMap":{"0":{"start":{"line":6,"column":20},"end":{"line":6,"column":23}},"1":{"start":{"line":8,"column":33},"end":{"line":36,"column":1}},"2":{"start":{"line":13,"column":19},"end":{"line":20,"column":3}},"3":{"start":{"line":21,"column":2},"end":{"line":35,"column":4}}},"fnMap":{"0":{"name":"(anonymous_0)","decl":{"start":{"line":8,"column":33},"end":{"line":8,"column":34}},"loc":{"start":{"line":12,"column":6},"end":{"line":36,"column":1}},"line":12}},"branchMap":{},"s":{"0":1,"1":1,"2":1,"3":1},"f":{"0":1},"b":{},"_coverageSchema":"1a1c01bbd47fc00a2c39e90264f33305004495a9","hash":"dee5efbe3b9939a5ee45930dc27d5cfdabaa2900"}
,"/Users/gabrielvidalgondim/Dev/weatherapp/src/components/Map/index.ts": {"path":"/Users/gabrielvidalgondim/Dev/weatherapp/src/components/Map/index.ts","statementMap":{},"fnMap":{},"branchMap":{},"s":{},"f":{},"b":{},"_coverageSchema":"1a1c01bbd47fc00a2c39e90264f33305004495a9","hash":"63182dd60621038b2459d5059634c530434de22b"}
,"/Users/gabrielvidalgondim/Dev/weatherapp/src/components/Map/style.ts": {"path":"/Users/gabrielvidalgondim/Dev/weatherapp/src/components/Map/style.ts","statementMap":{"0":{"start":{"line":5,"column":28},"end":{"line":11,"column":1}}},"fnMap":{},"branchMap":{},"s":{"0":1},"f":{},"b":{},"_coverageSchema":"1a1c01bbd47fc00a2c39e90264f33305004495a9","hash":"2ff72d86be71b353d008eacb7e8e7b2cd2758dc7"}
,"/Users/gabrielvidalgondim/Dev/weatherapp/src/components/Text/Text.tsx": {"path":"/Users/gabrielvidalgondim/Dev/weatherapp/src/components/Text/Text.tsx","statementMap":{"0":{"start":{"line":5,"column":35},"end":{"line":24,"column":1}},"1":{"start":{"line":13,"column":2},"end":{"line":23,"column":4}}},"fnMap":{"0":{"name":"(anonymous_0)","decl":{"start":{"line":5,"column":35},"end":{"line":5,"column":36}},"loc":{"start":{"line":12,"column":6},"end":{"line":24,"column":1}},"line":12}},"branchMap":{},"s":{"0":1,"1":1},"f":{"0":1},"b":{},"_coverageSchema":"1a1c01bbd47fc00a2c39e90264f33305004495a9","hash":"152655b29a8b22a317edee76385b373c1d67e3e6"}
,"/Users/gabrielvidalgondim/Dev/weatherapp/src/components/Text/index.ts": {"path":"/Users/gabrielvidalgondim/Dev/weatherapp/src/components/Text/index.ts","statementMap":{},"fnMap":{},"branchMap":{},"s":{},"f":{},"b":{},"_coverageSchema":"1a1c01bbd47fc00a2c39e90264f33305004495a9","hash":"7a12f88b1582f3c958273d8f47f0db2069564083"}
,"/Users/gabrielvidalgondim/Dev/weatherapp/src/components/Text/style.ts": {"path":"/Users/gabrielvidalgondim/Dev/weatherapp/src/components/Text/style.ts","statementMap":{"0":{"start":{"line":4,"column":26},"end":{"line":10,"column":1}},"1":{"start":{"line":5,"column":26},"end":{"line":5,"column":31}},"2":{"start":{"line":6,"column":33},"end":{"line":6,"column":41}},"3":{"start":{"line":7,"column":37},"end":{"line":7,"column":47}},"4":{"start":{"line":8,"column":43},"end":{"line":8,"column":56}},"5":{"start":{"line":9,"column":37},"end":{"line":9,"column":47}}},"fnMap":{"0":{"name":"(anonymous_0)","decl":{"start":{"line":5,"column":11},"end":{"line":5,"column":12}},"loc":{"start":{"line":5,"column":26},"end":{"line":5,"column":31}},"line":5},"1":{"name":"(anonymous_1)","decl":{"start":{"line":6,"column":15},"end":{"line":6,"column":16}},"loc":{"start":{"line":6,"column":33},"end":{"line":6,"column":41}},"line":6},"2":{"name":"(anonymous_2)","decl":{"start":{"line":7,"column":17},"end":{"line":7,"column":18}},"loc":{"start":{"line":7,"column":37},"end":{"line":7,"column":47}},"line":7},"3":{"name":"(anonymous_3)","decl":{"start":{"line":8,"column":20},"end":{"line":8,"column":21}},"loc":{"start":{"line":8,"column":43},"end":{"line":8,"column":56}},"line":8},"4":{"name":"(anonymous_4)","decl":{"start":{"line":9,"column":17},"end":{"line":9,"column":18}},"loc":{"start":{"line":9,"column":37},"end":{"line":9,"column":47}},"line":9}},"branchMap":{},"s":{"0":1,"1":1,"2":1,"3":1,"4":1,"5":1},"f":{"0":1,"1":1,"2":1,"3":1,"4":1},"b":{},"_coverageSchema":"1a1c01bbd47fc00a2c39e90264f33305004495a9","hash":"a51bbc7edbed47047e97dac56a39afd41a4ce46c"}
}
