{"/Users/gabrielvidalgondim/Dev/weatherapp/src/assets/index.tsx": {"path":"/Users/gabrielvidalgondim/Dev/weatherapp/src/assets/index.tsx","statementMap":{},"fnMap":{},"branchMap":{},"s":{},"f":{},"b":{},"_coverageSchema":"1a1c01bbd47fc00a2c39e90264f33305004495a9","hash":"cd88dadf83984da96a394c9f7308016d8eb39f69"}
,"/Users/gabrielvidalgondim/Dev/weatherapp/src/common/style/index.ts": {"path":"/Users/gabrielvidalgondim/Dev/weatherapp/src/common/style/index.ts","statementMap":{"0":{"start":{"line":4,"column":39},"end":{"line":8,"column":1}}},"fnMap":{},"branchMap":{},"s":{"0":2},"f":{},"b":{},"_coverageSchema":"1a1c01bbd47fc00a2c39e90264f33305004495a9","hash":"ab4cf3c3dc14e7a7c527b5d87d77ff6eea2be871"}
,"/Users/gabrielvidalgondim/Dev/weatherapp/src/common/types/enum.ts": {"path":"/Users/gabrielvidalgondim/Dev/weatherapp/src/common/types/enum.ts","statementMap":{},"fnMap":{},"branchMap":{},"s":{},"f":{},"b":{},"_coverageSchema":"1a1c01bbd47fc00a2c39e90264f33305004495a9","hash":"2585a6471528045464156d35acd571b80dadb708"}
,"/Users/gabrielvidalgondim/Dev/weatherapp/src/components/Button/Button.tsx": {"path":"/Users/gabrielvidalgondim/Dev/weatherapp/src/components/Button/Button.tsx","statementMap":{"0":{"start":{"line":5,"column":49},"end":{"line":15,"column":1}},"1":{"start":{"line":10,"column":2},"end":{"line":14,"column":4}}},"fnMap":{"0":{"name":"(anonymous_0)","decl":{"start":{"line":5,"column":49},"end":{"line":5,"column":50}},"loc":{"start":{"line":9,"column":6},"end":{"line":15,"column":1}},"line":9}},"branchMap":{},"s":{"0":2,"1":1},"f":{"0":1},"b":{},"_coverageSchema":"1a1c01bbd47fc00a2c39e90264f33305004495a9","hash":"17c681404fb6cf6cf1d247386c8ac6f23cbea1ac"}
,"/Users/gabrielvidalgondim/Dev/weatherapp/src/components/Button/index.ts": {"path":"/Users/gabrielvidalgondim/Dev/weatherapp/src/components/Button/index.ts","statementMap":{},"fnMap":{},"branchMap":{},"s":{},"f":{},"b":{},"_coverageSchema":"1a1c01bbd47fc00a2c39e90264f33305004495a9","hash":"d15b712b9e8dc8c7236f231d727aa02ccf8d6181"}
,"/Users/gabrielvidalgondim/Dev/weatherapp/src/components/Button/style.ts": {"path":"/Users/gabrielvidalgondim/Dev/weatherapp/src/components/Button/style.ts","statementMap":{"0":{"start":{"line":4,"column":28},"end":{"line":10,"column":1}}},"fnMap":{},"branchMap":{},"s":{"0":2},"f":{},"b":{},"_coverageSchema":"1a1c01bbd47fc00a2c39e90264f33305004495a9","hash":"343eb5cacc39cf2da81f1c8738418e6ef79a4bb3"}
,"/Users/gabrielvidalgondim/Dev/weatherapp/src/components/FAB/FAB.tsx": {"path":"/Users/gabrielvidalgondim/Dev/weatherapp/src/components/FAB/FAB.tsx","statementMap":{"0":{"start":{"line":6,"column":46},"end":{"line":12,"column":1}},"1":{"start":{"line":7,"column":2},"end":{"line":11,"column":4}}},"fnMap":{"0":{"name":"(anonymous_0)","decl":{"start":{"line":6,"column":46},"end":{"line":6,"column":47}},"loc":{"start":{"line":6,"column":71},"end":{"line":12,"column":1}},"line":6}},"branchMap":{},"s":{"0":2,"1":1},"f":{"0":1},"b":{},"_coverageSchema":"1a1c01bbd47fc00a2c39e90264f33305004495a9","hash":"d5149fef31816dfd25d42578715bd33e29531ba2"}
,"/Users/gabrielvidalgondim/Dev/weatherapp/src/components/FAB/index.ts": {"path":"/Users/gabrielvidalgondim/Dev/weatherapp/src/components/FAB/index.ts","statementMap":{},"fnMap":{},"branchMap":{},"s":{},"f":{},"b":{},"_coverageSchema":"1a1c01bbd47fc00a2c39e90264f33305004495a9","hash":"dd25e3d6ac65017314971fe4911b6c5c49216017"}
,"/Users/gabrielvidalgondim/Dev/weatherapp/src/components/FAB/style.ts": {"path":"/Users/gabrielvidalgondim/Dev/weatherapp/src/components/FAB/style.ts","statementMap":{"0":{"start":{"line":3,"column":25},"end":{"line":7,"column":1}}},"fnMap":{},"branchMap":{},"s":{"0":2},"f":{},"b":{},"_coverageSchema":"1a1c01bbd47fc00a2c39e90264f33305004495a9","hash":"886a94d0442773d6cfa3564698ccf7b4a615a2eb"}
,"/Users/gabrielvidalgondim/Dev/weatherapp/src/components/Map/Map.tsx": {"path":"/Users/gabrielvidalgondim/Dev/weatherapp/src/components/Map/Map.tsx","statementMap":{"0":{"start":{"line":6,"column":20},"end":{"line":6,"column":23}},"1":{"start":{"line":8,"column":33},"end":{"line":39,"column":1}},"2":{"start":{"line":13,"column":19},"end":{"line":20,"column":3}},"3":{"start":{"line":21,"column":2},"end":{"line":38,"column":4}}},"fnMap":{"0":{"name":"(anonymous_0)","decl":{"start":{"line":8,"column":33},"end":{"line":8,"column":34}},"loc":{"start":{"line":12,"column":6},"end":{"line":39,"column":1}},"line":12}},"branchMap":{},"s":{"0":2,"1":2,"2":1,"3":1},"f":{"0":1},"b":{},"_coverageSchema":"1a1c01bbd47fc00a2c39e90264f33305004495a9","hash":"b05514407b75e4290fefbbbc623866f75821256d"}
,"/Users/gabrielvidalgondim/Dev/weatherapp/src/components/Map/index.ts": {"path":"/Users/gabrielvidalgondim/Dev/weatherapp/src/components/Map/index.ts","statementMap":{},"fnMap":{},"branchMap":{},"s":{},"f":{},"b":{},"_coverageSchema":"1a1c01bbd47fc00a2c39e90264f33305004495a9","hash":"63182dd60621038b2459d5059634c530434de22b"}
,"/Users/gabrielvidalgondim/Dev/weatherapp/src/components/Map/style.ts": {"path":"/Users/gabrielvidalgondim/Dev/weatherapp/src/components/Map/style.ts","statementMap":{"0":{"start":{"line":5,"column":28},"end":{"line":11,"column":1}}},"fnMap":{},"branchMap":{},"s":{"0":2},"f":{},"b":{},"_coverageSchema":"1a1c01bbd47fc00a2c39e90264f33305004495a9","hash":"2ff72d86be71b353d008eacb7e8e7b2cd2758dc7"}
,"/Users/gabrielvidalgondim/Dev/weatherapp/src/components/Text/Text.tsx": {"path":"/Users/gabrielvidalgondim/Dev/weatherapp/src/components/Text/Text.tsx","statementMap":{"0":{"start":{"line":5,"column":35},"end":{"line":22,"column":1}},"1":{"start":{"line":12,"column":2},"end":{"line":21,"column":4}}},"fnMap":{"0":{"name":"(anonymous_0)","decl":{"start":{"line":5,"column":35},"end":{"line":5,"column":36}},"loc":{"start":{"line":11,"column":6},"end":{"line":22,"column":1}},"line":11}},"branchMap":{},"s":{"0":3,"1":1},"f":{"0":1},"b":{},"_coverageSchema":"1a1c01bbd47fc00a2c39e90264f33305004495a9","hash":"35d2ec450ca54216aec35ba8eddae958630216a7"}
,"/Users/gabrielvidalgondim/Dev/weatherapp/src/components/Text/index.ts": {"path":"/Users/gabrielvidalgondim/Dev/weatherapp/src/components/Text/index.ts","statementMap":{},"fnMap":{},"branchMap":{},"s":{},"f":{},"b":{},"_coverageSchema":"1a1c01bbd47fc00a2c39e90264f33305004495a9","hash":"7a12f88b1582f3c958273d8f47f0db2069564083"}
,"/Users/gabrielvidalgondim/Dev/weatherapp/src/components/Text/style.ts": {"path":"/Users/gabrielvidalgondim/Dev/weatherapp/src/components/Text/style.ts","statementMap":{"0":{"start":{"line":4,"column":26},"end":{"line":9,"column":1}},"1":{"start":{"line":5,"column":26},"end":{"line":5,"column":31}},"2":{"start":{"line":6,"column":33},"end":{"line":6,"column":41}},"3":{"start":{"line":7,"column":37},"end":{"line":7,"column":47}},"4":{"start":{"line":8,"column":37},"end":{"line":8,"column":47}}},"fnMap":{"0":{"name":"(anonymous_0)","decl":{"start":{"line":5,"column":11},"end":{"line":5,"column":12}},"loc":{"start":{"line":5,"column":26},"end":{"line":5,"column":31}},"line":5},"1":{"name":"(anonymous_1)","decl":{"start":{"line":6,"column":15},"end":{"line":6,"column":16}},"loc":{"start":{"line":6,"column":33},"end":{"line":6,"column":41}},"line":6},"2":{"name":"(anonymous_2)","decl":{"start":{"line":7,"column":17},"end":{"line":7,"column":18}},"loc":{"start":{"line":7,"column":37},"end":{"line":7,"column":47}},"line":7},"3":{"name":"(anonymous_3)","decl":{"start":{"line":8,"column":17},"end":{"line":8,"column":18}},"loc":{"start":{"line":8,"column":37},"end":{"line":8,"column":47}},"line":8}},"branchMap":{},"s":{"0":3,"1":1,"2":1,"3":1,"4":1},"f":{"0":1,"1":1,"2":1,"3":1},"b":{},"_coverageSchema":"1a1c01bbd47fc00a2c39e90264f33305004495a9","hash":"efa230d8b4a640c3f553d55fc88679e85b337ee6"}
,"/Users/gabrielvidalgondim/Dev/weatherapp/src/screens/Home/Home.tsx": {"path":"/Users/gabrielvidalgondim/Dev/weatherapp/src/screens/Home/Home.tsx","statementMap":{"0":{"start":{"line":17,"column":24},"end":{"line":76,"column":1}},"1":{"start":{"line":18,"column":23},"end":{"line":18,"column":38}},"2":{"start":{"line":19,"column":25},"end":{"line":31,"column":3}},"3":{"start":{"line":20,"column":23},"end":{"line":20,"column":64}},"4":{"start":{"line":21,"column":4},"end":{"line":29,"column":5}},"5":{"start":{"line":22,"column":6},"end":{"line":27,"column":9}},"6":{"start":{"line":28,"column":6},"end":{"line":28,"column":13}},"7":{"start":{"line":30,"column":4},"end":{"line":30,"column":24}},"8":{"start":{"line":33,"column":2},"end":{"line":75,"column":4}}},"fnMap":{"0":{"name":"(anonymous_0)","decl":{"start":{"line":17,"column":24},"end":{"line":17,"column":25}},"loc":{"start":{"line":17,"column":30},"end":{"line":76,"column":1}},"line":17},"1":{"name":"(anonymous_1)","decl":{"start":{"line":19,"column":25},"end":{"line":19,"column":26}},"loc":{"start":{"line":19,"column":37},"end":{"line":31,"column":3}},"line":19}},"branchMap":{"0":{"loc":{"start":{"line":21,"column":4},"end":{"line":29,"column":5}},"type":"if","locations":[{"start":{"line":21,"column":4},"end":{"line":29,"column":5}},{"start":{},"end":{}}],"line":21}},"s":{"0":1,"1":1,"2":1,"3":0,"4":0,"5":0,"6":0,"7":0,"8":1},"f":{"0":1,"1":0},"b":{"0":[0,0]},"_coverageSchema":"1a1c01bbd47fc00a2c39e90264f33305004495a9","hash":"a2f47cc1cf2f47a5d1e7eab6fd2c306d5c21cbe0"}
,"/Users/gabrielvidalgondim/Dev/weatherapp/src/screens/Home/style.ts": {"path":"/Users/gabrielvidalgondim/Dev/weatherapp/src/screens/Home/style.ts","statementMap":{"0":{"start":{"line":3,"column":25},"end":{"line":5,"column":1}},"1":{"start":{"line":7,"column":30},"end":{"line":11,"column":1}},"2":{"start":{"line":13,"column":29},"end":{"line":16,"column":1}},"3":{"start":{"line":18,"column":33},"end":{"line":21,"column":1}},"4":{"start":{"line":23,"column":36},"end":{"line":25,"column":1}}},"fnMap":{},"branchMap":{},"s":{"0":1,"1":1,"2":1,"3":1,"4":1},"f":{},"b":{},"_coverageSchema":"1a1c01bbd47fc00a2c39e90264f33305004495a9","hash":"3b59a9cb98203f1ebf7e46140237020d51e81d00"}
,"/Users/gabrielvidalgondim/Dev/weatherapp/src/screens/Weather/Weather.tsx": {"path":"/Users/gabrielvidalgondim/Dev/weatherapp/src/screens/Weather/Weather.tsx","statementMap":{"0":{"start":{"line":30,"column":13},"end":{"line":32,"column":1}},"1":{"start":{"line":31,"column":2},"end":{"line":31,"column":64}},"2":{"start":{"line":31,"column":34},"end":{"line":31,"column":62}},"3":{"start":{"line":34,"column":27},"end":{"line":197,"column":1}},"4":{"start":{"line":35,"column":34},"end":{"line":35,"column":60}},"5":{"start":{"line":36,"column":32},"end":{"line":36,"column":69}},"6":{"start":{"line":37,"column":40},"end":{"line":37,"column":64}},"7":{"start":{"line":38,"column":38},"end":{"line":38,"column":62}},"8":{"start":{"line":40,"column":32},"end":{"line":40,"column":58}},"9":{"start":{"line":41,"column":25},"end":{"line":41,"column":40}},"10":{"start":{"line":43,"column":20},"end":{"line":46,"column":8}},"11":{"start":{"line":44,"column":4},"end":{"line":44,"column":24}},"12":{"start":{"line":45,"column":4},"end":{"line":45,"column":48}},"13":{"start":{"line":45,"column":26},"end":{"line":45,"column":46}},"14":{"start":{"line":48,"column":2},"end":{"line":52,"column":9}},"15":{"start":{"line":49,"column":4},"end":{"line":51,"column":7}},"16":{"start":{"line":50,"column":25},"end":{"line":50,"column":72}},"17":{"start":{"line":54,"column":2},"end":{"line":74,"column":9}},"18":{"start":{"line":55,"column":4},"end":{"line":73,"column":9}},"19":{"start":{"line":56,"column":26},"end":{"line":56,"column":51}},"20":{"start":{"line":57,"column":6},"end":{"line":57,"column":41}},"21":{"start":{"line":58,"column":6},"end":{"line":72,"column":7}},"22":{"start":{"line":59,"column":30},"end":{"line":59,"column":61}},"23":{"start":{"line":60,"column":8},"end":{"line":60,"column":56}},"24":{"start":{"line":61,"column":8},"end":{"line":61,"column":35}},"25":{"start":{"line":62,"column":8},"end":{"line":71,"column":9}},"26":{"start":{"line":63,"column":31},"end":{"line":66,"column":12}},"27":{"start":{"line":67,"column":10},"end":{"line":67,"column":56}},"28":{"start":{"line":68,"column":10},"end":{"line":70,"column":11}},"29":{"start":{"line":69,"column":12},"end":{"line":69,"column":37}},"30":{"start":{"line":75,"column":2},"end":{"line":97,"column":17}},"31":{"start":{"line":76,"column":4},"end":{"line":96,"column":5}},"32":{"start":{"line":77,"column":6},"end":{"line":77,"column":51}},"33":{"start":{"line":79,"column":6},"end":{"line":95,"column":11}},"34":{"start":{"line":84,"column":10},"end":{"line":84,"column":39}},"35":{"start":{"line":85,"column":10},"end":{"line":85,"column":31}},"36":{"start":{"line":88,"column":10},"end":{"line":88,"column":39}},"37":{"start":{"line":89,"column":10},"end":{"line":94,"column":13}},"38":{"start":{"line":99,"column":21},"end":{"line":107,"column":15}},"39":{"start":{"line":100,"column":4},"end":{"line":106,"column":5}},"40":{"start":{"line":101,"column":6},"end":{"line":105,"column":8}},"41":{"start":{"line":109,"column":28},"end":{"line":122,"column":19}},"42":{"start":{"line":110,"column":4},"end":{"line":121,"column":5}},"43":{"start":{"line":111,"column":26},"end":{"line":111,"column":37}},"44":{"start":{"line":112,"column":23},"end":{"line":112,"column":33}},"45":{"start":{"line":113,"column":6},"end":{"line":120,"column":8}},"46":{"start":{"line":124,"column":28},"end":{"line":150,"column":19}},"47":{"start":{"line":125,"column":4},"end":{"line":149,"column":5}},"48":{"start":{"line":129,"column":10},"end":{"line":129,"column":21}},"49":{"start":{"line":130,"column":27},"end":{"line":135,"column":7}},"50":{"start":{"line":136,"column":36},"end":{"line":136,"column":61}},"51":{"start":{"line":137,"column":6},"end":{"line":148,"column":9}},"52":{"start":{"line":138,"column":45},"end":{"line":138,"column":63}},"53":{"start":{"line":139,"column":8},"end":{"line":147,"column":10}},"54":{"start":{"line":152,"column":2},"end":{"line":196,"column":4}}},"fnMap":{"0":{"name":"(anonymous_0)","decl":{"start":{"line":30,"column":13},"end":{"line":30,"column":14}},"loc":{"start":{"line":30,"column":34},"end":{"line":32,"column":1}},"line":30},"1":{"name":"(anonymous_1)","decl":{"start":{"line":31,"column":21},"end":{"line":31,"column":22}},"loc":{"start":{"line":31,"column":34},"end":{"line":31,"column":62}},"line":31},"2":{"name":"(anonymous_2)","decl":{"start":{"line":34,"column":27},"end":{"line":34,"column":28}},"loc":{"start":{"line":34,"column":33},"end":{"line":197,"column":1}},"line":34},"3":{"name":"(anonymous_3)","decl":{"start":{"line":43,"column":32},"end":{"line":43,"column":33}},"loc":{"start":{"line":43,"column":38},"end":{"line":46,"column":3}},"line":43},"4":{"name":"(anonymous_4)","decl":{"start":{"line":45,"column":20},"end":{"line":45,"column":21}},"loc":{"start":{"line":45,"column":26},"end":{"line":45,"column":46}},"line":45},"5":{"name":"(anonymous_5)","decl":{"start":{"line":48,"column":18},"end":{"line":48,"column":19}},"loc":{"start":{"line":48,"column":24},"end":{"line":52,"column":3}},"line":48},"6":{"name":"(anonymous_6)","decl":{"start":{"line":50,"column":19},"end":{"line":50,"column":20}},"loc":{"start":{"line":50,"column":25},"end":{"line":50,"column":72}},"line":50},"7":{"name":"(anonymous_7)","decl":{"start":{"line":54,"column":12},"end":{"line":54,"column":13}},"loc":{"start":{"line":54,"column":18},"end":{"line":74,"column":3}},"line":54},"8":{"name":"(anonymous_8)","decl":{"start":{"line":55,"column":5},"end":{"line":55,"column":6}},"loc":{"start":{"line":55,"column":17},"end":{"line":73,"column":5}},"line":55},"9":{"name":"(anonymous_9)","decl":{"start":{"line":75,"column":12},"end":{"line":75,"column":13}},"loc":{"start":{"line":75,"column":18},"end":{"line":97,"column":3}},"line":75},"10":{"name":"(anonymous_10)","decl":{"start":{"line":83,"column":14},"end":{"line":83,"column":15}},"loc":{"start":{"line":83,"column":24},"end":{"line":86,"column":9}},"line":83},"11":{"name":"(anonymous_11)","decl":{"start":{"line":87,"column":15},"end":{"line":87,"column":16}},"loc":{"start":{"line":87,"column":35},"end":{"line":95,"column":9}},"line":87},"12":{"name":"(anonymous_12)","decl":{"start":{"line":99,"column":33},"end":{"line":99,"column":34}},"loc":{"start":{"line":99,"column":39},"end":{"line":107,"column":3}},"line":99},"13":{"name":"(anonymous_13)","decl":{"start":{"line":109,"column":40},"end":{"line":109,"column":41}},"loc":{"start":{"line":109,"column":46},"end":{"line":122,"column":3}},"line":109},"14":{"name":"(anonymous_14)","decl":{"start":{"line":124,"column":40},"end":{"line":124,"column":41}},"loc":{"start":{"line":124,"column":46},"end":{"line":150,"column":3}},"line":124},"15":{"name":"(anonymous_15)","decl":{"start":{"line":137,"column":29},"end":{"line":137,"column":30}},"loc":{"start":{"line":137,"column":54},"end":{"line":148,"column":7}},"line":137}},"branchMap":{"0":{"loc":{"start":{"line":58,"column":6},"end":{"line":72,"column":7}},"type":"if","locations":[{"start":{"line":58,"column":6},"end":{"line":72,"column":7}},{"start":{},"end":{}}],"line":58},"1":{"loc":{"start":{"line":62,"column":8},"end":{"line":71,"column":9}},"type":"if","locations":[{"start":{"line":62,"column":8},"end":{"line":71,"column":9}},{"start":{},"end":{}}],"line":62},"2":{"loc":{"start":{"line":68,"column":10},"end":{"line":70,"column":11}},"type":"if","locations":[{"start":{"line":68,"column":10},"end":{"line":70,"column":11}},{"start":{},"end":{}}],"line":68},"3":{"loc":{"start":{"line":76,"column":4},"end":{"line":96,"column":5}},"type":"if","locations":[{"start":{"line":76,"column":4},"end":{"line":96,"column":5}},{"start":{},"end":{}}],"line":76},"4":{"loc":{"start":{"line":100,"column":4},"end":{"line":106,"column":5}},"type":"if","locations":[{"start":{"line":100,"column":4},"end":{"line":106,"column":5}},{"start":{},"end":{}}],"line":100},"5":{"loc":{"start":{"line":110,"column":4},"end":{"line":121,"column":5}},"type":"if","locations":[{"start":{"line":110,"column":4},"end":{"line":121,"column":5}},{"start":{},"end":{}}],"line":110},"6":{"loc":{"start":{"line":125,"column":4},"end":{"line":149,"column":5}},"type":"if","locations":[{"start":{"line":125,"column":4},"end":{"line":149,"column":5}},{"start":{},"end":{}}],"line":125},"7":{"loc":{"start":{"line":156,"column":11},"end":{"line":156,"column":36}},"type":"binary-expr","locations":[{"start":{"line":156,"column":11},"end":{"line":156,"column":20}},{"start":{"line":156,"column":24},"end":{"line":156,"column":36}}],"line":156},"8":{"loc":{"start":{"line":157,"column":11},"end":{"line":172,"column":11}},"type":"binary-expr","locations":[{"start":{"line":157,"column":11},"end":{"line":157,"column":22}},{"start":{"line":158,"column":12},"end":{"line":171,"column":15}}],"line":157},"9":{"loc":{"start":{"line":173,"column":11},"end":{"line":192,"column":11}},"type":"binary-expr","locations":[{"start":{"line":173,"column":11},"end":{"line":173,"column":19}},{"start":{"line":173,"column":23},"end":{"line":173,"column":32}},{"start":{"line":174,"column":12},"end":{"line":191,"column":32}}],"line":173}},"s":{"0":1,"1":0,"2":0,"3":1,"4":2,"5":2,"6":2,"7":2,"8":2,"9":2,"10":2,"11":0,"12":0,"13":0,"14":2,"15":2,"16":0,"17":2,"18":2,"19":2,"20":0,"21":0,"22":0,"23":0,"24":0,"25":0,"26":0,"27":0,"28":0,"29":0,"30":2,"31":2,"32":0,"33":0,"34":0,"35":0,"36":0,"37":0,"38":2,"39":0,"40":0,"41":2,"42":0,"43":0,"44":0,"45":0,"46":2,"47":0,"48":0,"49":0,"50":0,"51":0,"52":0,"53":0,"54":2},"f":{"0":0,"1":0,"2":2,"3":0,"4":0,"5":2,"6":0,"7":2,"8":2,"9":2,"10":0,"11":0,"12":0,"13":0,"14":0,"15":0},"b":{"0":[0,0],"1":[0,0],"2":[0,0],"3":[0,2],"4":[0,0],"5":[0,0],"6":[0,0],"7":[2,0],"8":[2,0],"9":[2,0,0]},"_coverageSchema":"1a1c01bbd47fc00a2c39e90264f33305004495a9","hash":"23aa72a5e1e49cfee6c5c16e9b10c1d3aaf20921"}
,"/Users/gabrielvidalgondim/Dev/weatherapp/src/screens/Weather/style.ts": {"path":"/Users/gabrielvidalgondim/Dev/weatherapp/src/screens/Weather/style.ts","statementMap":{"0":{"start":{"line":3,"column":25},"end":{"line":6,"column":1}},"1":{"start":{"line":8,"column":36},"end":{"line":15,"column":1}},"2":{"start":{"line":17,"column":36},"end":{"line":27,"column":1}},"3":{"start":{"line":29,"column":36},"end":{"line":37,"column":1}},"4":{"start":{"line":39,"column":32},"end":{"line":41,"column":1}},"5":{"start":{"line":43,"column":40},"end":{"line":45,"column":1}},"6":{"start":{"line":47,"column":33},"end":{"line":49,"column":1}}},"fnMap":{},"branchMap":{},"s":{"0":1,"1":1,"2":1,"3":1,"4":1,"5":1,"6":1},"f":{},"b":{},"_coverageSchema":"1a1c01bbd47fc00a2c39e90264f33305004495a9","hash":"21117e970b64de0408e96bfa57149b2ba9063cbe"}
,"/Users/gabrielvidalgondim/Dev/weatherapp/src/screens/Weather/components/WeatherInfoItem/WeatherInfoItem.tsx": {"path":"/Users/gabrielvidalgondim/Dev/weatherapp/src/screens/Weather/components/WeatherInfoItem/WeatherInfoItem.tsx","statementMap":{"0":{"start":{"line":7,"column":57},"end":{"line":24,"column":1}},"1":{"start":{"line":13,"column":2},"end":{"line":23,"column":4}}},"fnMap":{"0":{"name":"(anonymous_0)","decl":{"start":{"line":7,"column":57},"end":{"line":7,"column":58}},"loc":{"start":{"line":12,"column":6},"end":{"line":24,"column":1}},"line":12}},"branchMap":{},"s":{"0":1,"1":0},"f":{"0":0},"b":{},"_coverageSchema":"1a1c01bbd47fc00a2c39e90264f33305004495a9","hash":"0f0b63e8e5391f4e987c33270d7a7fcba09eaaeb"}
,"/Users/gabrielvidalgondim/Dev/weatherapp/src/screens/Weather/components/WeatherInfoItem/index.ts": {"path":"/Users/gabrielvidalgondim/Dev/weatherapp/src/screens/Weather/components/WeatherInfoItem/index.ts","statementMap":{},"fnMap":{},"branchMap":{},"s":{},"f":{},"b":{},"_coverageSchema":"1a1c01bbd47fc00a2c39e90264f33305004495a9","hash":"db3e3f0b3d097374d62c6b7129019114159d8912"}
,"/Users/gabrielvidalgondim/Dev/weatherapp/src/screens/Weather/components/WeatherInfoItem/style.ts": {"path":"/Users/gabrielvidalgondim/Dev/weatherapp/src/screens/Weather/components/WeatherInfoItem/style.ts","statementMap":{"0":{"start":{"line":3,"column":36},"end":{"line":13,"column":1}},"1":{"start":{"line":15,"column":36},"end":{"line":23,"column":1}}},"fnMap":{},"branchMap":{},"s":{"0":1,"1":1},"f":{},"b":{},"_coverageSchema":"1a1c01bbd47fc00a2c39e90264f33305004495a9","hash":"ab387e392abab9b9c8dcbc6329bc922930ab186c"}
,"/Users/gabrielvidalgondim/Dev/weatherapp/src/utils/api.ts": {"path":"/Users/gabrielvidalgondim/Dev/weatherapp/src/utils/api.ts","statementMap":{"0":{"start":{"line":1,"column":17},"end":{"line":1,"column":58}},"1":{"start":{"line":3,"column":37},"end":{"line":11,"column":1}},"2":{"start":{"line":4,"column":19},"end":{"line":4,"column":34}},"3":{"start":{"line":5,"column":19},"end":{"line":5,"column":34}},"4":{"start":{"line":6,"column":2},"end":{"line":10,"column":5}},"5":{"start":{"line":9,"column":4},"end":{"line":9,"column":27}}},"fnMap":{"0":{"name":"(anonymous_0)","decl":{"start":{"line":3,"column":37},"end":{"line":3,"column":38}},"loc":{"start":{"line":3,"column":75},"end":{"line":11,"column":1}},"line":3},"1":{"name":"(anonymous_1)","decl":{"start":{"line":8,"column":9},"end":{"line":8,"column":10}},"loc":{"start":{"line":8,"column":23},"end":{"line":10,"column":3}},"line":8}},"branchMap":{},"s":{"0":1,"1":1,"2":0,"3":0,"4":0,"5":0},"f":{"0":0,"1":0},"b":{},"_coverageSchema":"1a1c01bbd47fc00a2c39e90264f33305004495a9","hash":"d7243db065ad1676486d215fa5cc5cec41f8b1b7"}
,"/Users/gabrielvidalgondim/Dev/weatherapp/src/utils/weather/weather.tsx": {"path":"/Users/gabrielvidalgondim/Dev/weatherapp/src/utils/weather/weather.tsx","statementMap":{"0":{"start":{"line":6,"column":33},"end":{"line":18,"column":1}},"1":{"start":{"line":8,"column":2},"end":{"line":10,"column":3}},"2":{"start":{"line":9,"column":4},"end":{"line":9,"column":22}},"3":{"start":{"line":11,"column":2},"end":{"line":13,"column":3}},"4":{"start":{"line":12,"column":4},"end":{"line":12,"column":20}},"5":{"start":{"line":14,"column":2},"end":{"line":16,"column":3}},"6":{"start":{"line":15,"column":4},"end":{"line":15,"column":21}},"7":{"start":{"line":17,"column":2},"end":{"line":17,"column":33}},"8":{"start":{"line":20,"column":36},"end":{"line":44,"column":1}},"9":{"start":{"line":26,"column":2},"end":{"line":43,"column":4}},"10":{"start":{"line":46,"column":29},"end":{"line":54,"column":1}},"11":{"start":{"line":47,"column":37},"end":{"line":52,"column":3}},"12":{"start":{"line":53,"column":2},"end":{"line":53,"column":27}}},"fnMap":{"0":{"name":"(anonymous_0)","decl":{"start":{"line":6,"column":33},"end":{"line":6,"column":34}},"loc":{"start":{"line":6,"column":66},"end":{"line":18,"column":1}},"line":6},"1":{"name":"(anonymous_1)","decl":{"start":{"line":20,"column":36},"end":{"line":20,"column":37}},"loc":{"start":{"line":25,"column":24},"end":{"line":44,"column":1}},"line":25},"2":{"name":"(anonymous_2)","decl":{"start":{"line":46,"column":29},"end":{"line":46,"column":30}},"loc":{"start":{"line":46,"column":60},"end":{"line":54,"column":1}},"line":46}},"branchMap":{"0":{"loc":{"start":{"line":8,"column":2},"end":{"line":10,"column":3}},"type":"if","locations":[{"start":{"line":8,"column":2},"end":{"line":10,"column":3}},{"start":{},"end":{}}],"line":8},"1":{"loc":{"start":{"line":11,"column":2},"end":{"line":13,"column":3}},"type":"if","locations":[{"start":{"line":11,"column":2},"end":{"line":13,"column":3}},{"start":{},"end":{}}],"line":11},"2":{"loc":{"start":{"line":14,"column":2},"end":{"line":16,"column":3}},"type":"if","locations":[{"start":{"line":14,"column":2},"end":{"line":16,"column":3}},{"start":{},"end":{}}],"line":14},"3":{"loc":{"start":{"line":14,"column":6},"end":{"line":14,"column":46}},"type":"binary-expr","locations":[{"start":{"line":14,"column":6},"end":{"line":14,"column":24}},{"start":{"line":14,"column":28},"end":{"line":14,"column":46}}],"line":14}},"s":{"0":1,"1":0,"2":0,"3":0,"4":0,"5":0,"6":0,"7":0,"8":1,"9":0,"10":1,"11":0,"12":0},"f":{"0":0,"1":0,"2":0},"b":{"0":[0,0],"1":[0,0],"2":[0,0],"3":[0,0]},"_coverageSchema":"1a1c01bbd47fc00a2c39e90264f33305004495a9","hash":"3a1f2a079d489672b6c0a446bf6b9384bde65bd1"}
}
